This is pdfTeX, Version 3.141592653-2.6-1.40.22 (MiKTeX 21.6) (preloaded format=pdflatex 2021.11.24)  21 JUN 2023 21:47
entering extended mode
**c:/Users/Owenm/Documents/GitHub/tutoring-material/Proposal/23SummerTimeline.tex
(c:/Users/Owenm/Documents/GitHub/tutoring-material/Proposal/23SummerTimeline.tex
LaTeX2e <2021-06-01>
L3 programming layer <2021-06-01> (D:\Program Files (x86)\MiKTeX\tex/latex/base\article.cls
Document Class: article 2021/02/12 v1.4n Standard LaTeX document class
(D:\Program Files (x86)\MiKTeX\tex/latex/base\size10.clo
File: size10.clo 2021/02/12 v1.4n Standard LaTeX file (size option)
)
\c@part=\count182
\c@section=\count183
\c@subsection=\count184
\c@subsubsection=\count185
\c@paragraph=\count186
\c@subparagraph=\count187
\c@figure=\count188
\c@table=\count189
\abovecaptionskip=\skip47
\belowcaptionskip=\skip48
\bibindent=\dimen138
) (D:\Program Files (x86)\MiKTeX\tex/latex/tools\array.sty
Package: array 2021/04/20 v2.5e Tabular extension package (FMi)
\col@sep=\dimen139
\ar@mcellbox=\box50
\extrarowheight=\dimen140
\NC@list=\toks16
\extratabsurround=\skip49
\backup@length=\skip50
\ar@cellbox=\box51
) (C:\Users\Owenm\AppData\Roaming\MiKTeX\tex/latex/geometry\geometry.sty
Package: geometry 2020/01/02 v5.9 Page Geometry
 (D:\Program Files (x86)\MiKTeX\tex/latex/graphics\keyval.sty
Package: keyval 2014/10/28 v1.15 key=value parser (DPC)
\KV@toks@=\toks17
) (D:\Program Files (x86)\MiKTeX\tex/generic/iftex\ifvtex.sty
Package: ifvtex 2019/10/25 v1.7 ifvtex legacy package. Use iftex instead.
 (D:\Program Files (x86)\MiKTeX\tex/generic/iftex\iftex.sty
Package: iftex 2020/03/06 v1.0d TeX engine tests
))
\Gm@cnth=\count190
\Gm@cntv=\count191
\c@Gm@tempcnt=\count192
\Gm@bindingoffset=\dimen141
\Gm@wd@mp=\dimen142
\Gm@odd@mp=\dimen143
\Gm@even@mp=\dimen144
\Gm@layoutwidth=\dimen145
\Gm@layoutheight=\dimen146
\Gm@layouthoffset=\dimen147
\Gm@layoutvoffset=\dimen148
\Gm@dimlist=\toks18
 (C:\Users\Owenm\AppData\Roaming\MiKTeX\tex/latex/geometry\geometry.cfg)) (D:\Program Files (x86)\MiKTeX\tex/latex/l3backend\l3backend-pdftex.def
File: l3backend-pdftex.def 2021-05-07 L3 backend support: PDF output (pdfTeX)
\l__color_backend_stack_int=\count193
\l__pdf_internal_box=\box52
) (23SummerTimeline.aux)
\openout1 = `23SummerTimeline.aux'.

LaTeX Font Info:    Checking defaults for OML/cmm/m/it on input line 5.
LaTeX Font Info:    ... okay on input line 5.
LaTeX Font Info:    Checking defaults for OMS/cmsy/m/n on input line 5.
LaTeX Font Info:    ... okay on input line 5.
LaTeX Font Info:    Checking defaults for OT1/cmr/m/n on input line 5.
LaTeX Font Info:    ... okay on input line 5.
LaTeX Font Info:    Checking defaults for T1/cmr/m/n on input line 5.
LaTeX Font Info:    ... okay on input line 5.
LaTeX Font Info:    Checking defaults for TS1/cmr/m/n on input line 5.
LaTeX Font Info:    ... okay on input line 5.
LaTeX Font Info:    Checking defaults for OMX/cmex/m/n on input line 5.
LaTeX Font Info:    ... okay on input line 5.
LaTeX Font Info:    Checking defaults for U/cmr/m/n on input line 5.
LaTeX Font Info:    ... okay on input line 5.

*geometry* driver: auto-detecting
*geometry* detected driver: pdftex
*geometry* verbose mode - [ preamble ] result:
* driver: pdftex
* paper: a4paper
* layout: <same size as paper>
* layoutoffset:(h,v)=(0.0pt,0.0pt)
* modes: 
* h-part:(L,W,R)=(45.80893pt, 505.89pt, 45.80894pt)
* v-part:(T,H,B)=(77.84674pt, 650.43pt, 116.77011pt)
* \paperwidth=597.50787pt
* \paperheight=845.04684pt
* \textwidth=505.89pt
* \textheight=650.43pt
* \oddsidemargin=-26.46106pt
* \evensidemargin=-26.46106pt
* \topmargin=-31.42325pt
* \headheight=12.0pt
* \headsep=25.0pt
* \topskip=10.0pt
* \footskip=30.0pt
* \marginparwidth=65.0pt
* \marginparsep=11.0pt
* \columnsep=10.0pt
* \skip\footins=9.0pt plus 4.0pt minus 2.0pt
* \hoffset=0.0pt
* \voffset=0.0pt
* \mag=1000
* \@twocolumnfalse
* \@twosidefalse
* \@mparswitchfalse
* \@reversemarginfalse
* (1in=72.27pt=25.4mm, 1cm=28.453pt)

LaTeX Font Info:    External font `cmex10' loaded for size
(Font)              <7> on input line 16.
LaTeX Font Info:    External font `cmex10' loaded for size
(Font)              <5> on input line 16.

Underfull \hbox (badness 1009) in paragraph at lines 43--44
\OT1/cmr/m/n/10 tions, Solv-ing equa-tions in one un-
 []


Underfull \hbox (badness 3019) in paragraph at lines 45--46
[]|\OT1/cmr/m/n/10 Discriminant, sum and prod-uct of
 []


Underfull \hbox (badness 4819) in paragraph at lines 51--52
\OT1/cmr/m/n/10 360Trigo, Sine Law, Co-sine Law,
 []


Underfull \hbox (badness 10000) in paragraph at lines 68--68
[]|\OT1/cmr/m/n/10 Understanding the ex-is-tence of
 []


Underfull \hbox (badness 2635) in paragraph at lines 68--68
\OT1/cmr/m/n/10 quadratic poly-no-mial and know to
 []


Underfull \hbox (badness 1675) in paragraph at lines 68--68
\OT1/cmr/m/n/10 solve it, in-clud-ing re-la-tion be-tween
 []


Underfull \hbox (badness 5726) in paragraph at lines 70--70
\OT1/cmr/m/n/10 no-mial, prop-er-ties and com-plet-ing
 []


Underfull \hbox (badness 1484) in paragraph at lines 70--71
[]|\OT1/cmr/m/n/10 Open di-rec-tions, com-plet-ing square,
 []

[1

{C:/Users/Owenm/AppData/Local/MiKTeX/pdftex/config/pdftex.map}] [2] (23SummerTimeline.aux) ) 
Here is how much of TeX's memory you used:
 1015 strings out of 478864
 16533 string characters out of 2855690
 337485 words of memory out of 3000000
 18997 multiletter control sequences out of 15000+600000
 404035 words of font info for 29 fonts, out of 8000000 for 9000
 1141 hyphenation exceptions out of 8191
 57i,9n,66p,382b,165s stack positions out of 5000i,500n,10000p,200000b,80000s
<D:/Program Files (x86)/MiKTeX/fonts/type1/public/amsfonts/cm/cmbx12.pfb><D:/Program Files (x86)/MiKTeX/fonts/type1/public/amsfonts/cm/cmmi10.pfb><D:/Program Files (x86)/MiKTeX/fonts/type1/public/amsfonts/cm/cmr10.pfb><D:/Program Files (x86)/MiKTeX/fonts/type1/public/amsfonts/cm/cmr7.pfb><D:/Program Files (x86)/MiKTeX/fonts/type1/public/amsfonts/cm/cmsy10.pfb>
Output written on 23SummerTimeline.pdf (2 pages, 64369 bytes).
PDF statistics:
 34 PDF objects out of 1000 (max. 8388607)
 0 named destinations out of 1000 (max. 500000)
 1 words of extra memory for PDF output out of 10000 (max. 10000000)

